Arguments: 
  /home/gabrielf/.nvm/versions/node/v14.17.5/bin/node /home/gabrielf/.nvm/versions/node/v14.17.5/bin/yarn init -d

PATH: 
  /home/gabrielf/.nvm/versions/node/v14.17.5/bin:/home/gabrielf/.local/bin:/usr/local/bin:/usr/bin:/var/lib/snapd/snap/bin:/usr/local/sbin:/usr/lib/jvm/default/bin:/usr/bin/site_perl:/usr/bin/vendor_perl:/usr/bin/core_perl

Yarn version: 
  1.22.11

Node version: 
  14.17.5

Platform: 
  linux x64

Trace: 
  Error: canceled
      at Interface.<anonymous> (/home/gabrielf/.nvm/versions/node/v14.17.5/lib/node_modules/yarn/lib/cli.js:137023:13)
      at Interface.emit (events.js:400:28)
      at Interface._ttyWrite (readline.js:910:16)
      at ReadStream.onkeypress (readline.js:235:10)
      at ReadStream.emit (events.js:400:28)
      at emitKeys (internal/readline/utils.js:358:14)
      at emitKeys.next (<anonymous>)
      at ReadStream.onData (readline.js:1179:36)
      at ReadStream.emit (events.js:400:28)
      at addChunk (internal/streams/readable.js:290:12)

npm manifest: 
  No manifest

yarn manifest: 
  No manifest

Lockfile: 
  No lockfile
